<?xml version="1.0" encoding="UTF-8"?>
<!-- Generated by org.testng.reporters.JUnitXMLReporter -->
<testsuite ignored="0" hostname="MRAHMAN" failures="0" tests="3" name="Default test" time="23.821" errors="0" timestamp="2023-02-23T20:45:32 EST">
  <testcase classname="com.facebook_lognTestwithpagefactory.PageFactoryLoginTest" name="doLoginTest" time="0.431"/>
  <testcase classname="com.facebook_lognTestwithpagefactory.PageFactoryLoginTest" name="validPasswordTest" time="0.355"/>
  <testcase classname="com.facebook_lognTestwithpagefactory.PageFactoryLoginTest" name="validUserNameTest" time="0.371"/>
</testsuite> <!-- Default test -->
