<?xml version="1.0" encoding="UTF-8"?>
<testng-results ignored="0" total="3" passed="3" failed="0" skipped="0">
  <reporter-output>
  </reporter-output>
  <suite started-at="2023-02-23T20:45:08 EST" name="Default suite" finished-at="2023-02-23T20:45:32 EST" duration-ms="23821">
    <groups>
    </groups>
    <test started-at="2023-02-23T20:45:08 EST" name="Default test" finished-at="2023-02-23T20:45:32 EST" duration-ms="23821">
      <class name="com.facebook_lognTestwithpagefactory.PageFactoryLoginTest">
        <test-method is-config="true" signature="init()[pri:0, instance:com.facebook_lognTestwithpagefactory.PageFactoryLoginTest@506ae4d4]" started-at="2023-02-23T20:45:08 EST" name="init" finished-at="2023-02-23T20:45:17 EST" duration-ms="8276" status="PASS">
          <reporter-output>
          </reporter-output>
        </test-method> <!-- init -->
        <test-method signature="doLoginTest()[pri:0, instance:com.facebook_lognTestwithpagefactory.PageFactoryLoginTest@506ae4d4]" started-at="2023-02-23T20:45:17 EST" name="doLoginTest" finished-at="2023-02-23T20:45:17 EST" duration-ms="431" status="PASS">
          <reporter-output>
          </reporter-output>
        </test-method> <!-- doLoginTest -->
        <test-method is-config="true" signature="closeApp()[pri:0, instance:com.facebook_lognTestwithpagefactory.PageFactoryLoginTest@506ae4d4]" started-at="2023-02-23T20:45:17 EST" name="closeApp" finished-at="2023-02-23T20:45:18 EST" duration-ms="585" status="PASS">
          <reporter-output>
          </reporter-output>
        </test-method> <!-- closeApp -->
        <test-method is-config="true" signature="init()[pri:0, instance:com.facebook_lognTestwithpagefactory.PageFactoryLoginTest@506ae4d4]" started-at="2023-02-23T20:45:18 EST" name="init" finished-at="2023-02-23T20:45:24 EST" duration-ms="6248" status="PASS">
          <reporter-output>
          </reporter-output>
        </test-method> <!-- init -->
        <test-method signature="validPasswordTest()[pri:0, instance:com.facebook_lognTestwithpagefactory.PageFactoryLoginTest@506ae4d4]" started-at="2023-02-23T20:45:24 EST" name="validPasswordTest" finished-at="2023-02-23T20:45:24 EST" duration-ms="355" status="PASS">
          <reporter-output>
          </reporter-output>
        </test-method> <!-- validPasswordTest -->
        <test-method is-config="true" signature="closeApp()[pri:0, instance:com.facebook_lognTestwithpagefactory.PageFactoryLoginTest@506ae4d4]" started-at="2023-02-23T20:45:24 EST" name="closeApp" finished-at="2023-02-23T20:45:25 EST" duration-ms="562" status="PASS">
          <reporter-output>
          </reporter-output>
        </test-method> <!-- closeApp -->
        <test-method is-config="true" signature="init()[pri:0, instance:com.facebook_lognTestwithpagefactory.PageFactoryLoginTest@506ae4d4]" started-at="2023-02-23T20:45:25 EST" name="init" finished-at="2023-02-23T20:45:32 EST" duration-ms="6620" status="PASS">
          <reporter-output>
          </reporter-output>
        </test-method> <!-- init -->
        <test-method signature="validUserNameTest()[pri:0, instance:com.facebook_lognTestwithpagefactory.PageFactoryLoginTest@506ae4d4]" started-at="2023-02-23T20:45:32 EST" name="validUserNameTest" finished-at="2023-02-23T20:45:32 EST" duration-ms="371" status="PASS">
          <reporter-output>
          </reporter-output>
        </test-method> <!-- validUserNameTest -->
        <test-method is-config="true" signature="closeApp()[pri:0, instance:com.facebook_lognTestwithpagefactory.PageFactoryLoginTest@506ae4d4]" started-at="2023-02-23T20:45:32 EST" name="closeApp" finished-at="2023-02-23T20:45:32 EST" duration-ms="285" status="PASS">
          <reporter-output>
          </reporter-output>
        </test-method> <!-- closeApp -->
      </class> <!-- com.facebook_lognTestwithpagefactory.PageFactoryLoginTest -->
    </test> <!-- Default test -->
  </suite> <!-- Default suite -->
</testng-results>
